[18180:1] 2026-04-01 13:50:35.931 [0x4918(3) InitializeLog] [SET_LOGPATH] %programdata%\Geni\Insights\logs\cmon.cmd.exe.log
[18180:1] 2026-04-01 13:50:35.937 [0x4918(0) CxCommonApi::LogModuleInfo] [MODULE LOADING] ModuleName cmon64.dll, Version [2.0.0.1], ModulePath C:\Program Files\Geni\Insights\temp\cmon64.dll ModifiedTime 2023-01-12 12:39:58
[18180:1] 2026-04-01 13:50:35.937 [0x4918(183) CxConsoleMonitor::Initialize] [Initialize]
[18180:1] 2026-04-01 13:50:35.938 [0x4918(183) CxSensorPipeClient::Initialize] [Initialize]
[18180:1] 2026-04-01 13:50:35.938 [0x4918(0) CxThreadPool::Initialize] Queue init : OutputQue 0, nThreadPoolSize : 1
[18180:1] 2026-04-01 13:50:35.938 [0x4918(183) CxThreadPool::CreateThreadPool] Create 1 WorkerThread
[18180:1] 2026-04-01 13:50:35.939 [0x4918(183) CxConsoleMonitor::InstallHook] [InstallHook]
[18180:1] 2026-04-01 13:50:35.940 [0x4918(126) CxConsoleMonitor::xGetProcAddress] [GET_PROC_ADDR] ReadConsoleW from kernelbase.dll
[18180:1] 2026-04-01 13:50:35.940 [0x4918(183) CxConsoleMonitor::InstallHook] [INSTALL_HOOK] ReadConsoleW : cmd.exe:18180
[18180:1] 2026-04-01 13:50:35.941 [0x4918(183) CxConsoleMonitor::xGetProcAddress] [GET_PROC_ADDR] ReadConsoleInputW from kernelbase.dll
[18180:1] 2026-04-01 13:50:35.941 [0x4918(183) CxConsoleMonitor::InstallHook] [INSTALL_HOOK] RealReadConsoleInputW : cmd.exe:18180
[18180:1] 2026-04-01 13:50:35.941 [0x4918(183) CxConsoleMonitor::InstallHook] [SUCCESS]
[18180:1] 2026-04-01 13:50:35.942 [0x4918(183) CxConsoleMonitor::GetCmonProfileInfo] [REQ_CMON_PROFILE] 
[18180:1] 2026-04-01 13:50:35.942 [0x4918(0) CxConsoleMonitor::Initialize] [/Initialize] SUCCESS
[18180:1] 2026-04-01 13:50:35.943 [0x1B64(87) CxThreadPool::ThreadEntry] Worker Thread begins
[18180:1] 2026-04-01 13:50:35.945 [0x1B64(1) CxSensorPipeClient::SendJson] [SEND][ReqType:4] {
   "PID" : 18180,
   "ProcPath" : "C:\\Windows\\system32\\cmd.exe",
   "ReqType" : "xSensorRequestType_GetCmonProfile"
}

[18180:1] 2026-04-01 13:50:35.945 [0x1B64(183) CxSensorPipeClient::SendJson] [RECV] {
   "MaxConsoleInputLength" : 998
}

[18180:1] 2026-04-01 13:50:35.945 [0x1B64(183) CxConsoleMonitor::PipeResponseCallback] [RES_CALLBACK]
[18180:1] 2026-04-01 13:50:35.946 [0x1B64(183) CxConsoleMonitor::PipeResponseCallback] [CMON_PROFILE] MaxConsoleInputLength : 998
[18180:1] 2026-04-01 13:50:36.091 [0x4918(126) CxConsoleMonitor::Uninitialize] [Uninitialize]
[18180:1] 2026-04-01 13:50:36.092 [0x4918(183) CxConsoleMonitor::UninstallHook] [UninstallHook]
[18180:1] 2026-04-01 13:50:36.092 [0x4918(183) CxConsoleMonitor::UninstallHook] [UninstallHook] ReadConsoleInputW Result 0
[18180:1] 2026-04-01 13:50:36.092 [0x4918(183) CxConsoleMonitor::UninstallHook] [UninstallHook] ReadConsoleW Result 0
[18180:1] 2026-04-01 13:50:36.093 [0x4918(183) CxConsoleMonitor::UninstallHook] [UNINSTALL_HOOK][SUCCESS] error 0
[18180:1] 2026-04-01 13:50:36.093 [0x4918(183) CxSensorPipeClient::Uninitialize] [Uninitialize]
[18180:1] 2026-04-01 13:50:36.093 [0x4918(183) CxSensorPipeClient::Uninitialize] [/Uninitialize]
[18180:1] 2026-04-01 13:50:36.094 [0x4918(183) CxConsoleMonitor::Uninitialize] [/Uninitialize] SUCCESS
[6936:1] 2026-04-01 15:05:08.751 [0x3028(5) InitializeLog] [SET_LOGPATH] %programdata%\Geni\Insights\logs\cmon.cmd.exe.log
[6936:1] 2026-04-01 15:05:08.755 [0x3028(0) CxCommonApi::LogModuleInfo] [MODULE LOADING] ModuleName cmon64.dll, Version [2.0.0.1], ModulePath C:\Program Files\Geni\Insights\temp\cmon64.dll ModifiedTime 2023-01-12 12:39:58
[6936:1] 2026-04-01 15:05:08.755 [0x3028(183) CxConsoleMonitor::Initialize] [Initialize]
[6936:1] 2026-04-01 15:05:08.756 [0x3028(183) CxSensorPipeClient::Initialize] [Initialize]
[6936:1] 2026-04-01 15:05:08.756 [0x3028(0) CxThreadPool::Initialize] Queue init : OutputQue 0, nThreadPoolSize : 1
[6936:1] 2026-04-01 15:05:08.757 [0x3028(183) CxThreadPool::CreateThreadPool] Create 1 WorkerThread
[6936:1] 2026-04-01 15:05:08.758 [0x3028(183) CxConsoleMonitor::InstallHook] [InstallHook]
[6936:1] 2026-04-01 15:05:08.759 [0x3028(126) CxConsoleMonitor::xGetProcAddress] [GET_PROC_ADDR] ReadConsoleW from kernelbase.dll
[6936:1] 2026-04-01 15:05:08.759 [0x3028(183) CxConsoleMonitor::InstallHook] [INSTALL_HOOK] ReadConsoleW : cmd.exe:6936
[6936:1] 2026-04-01 15:05:08.760 [0x3028(183) CxConsoleMonitor::xGetProcAddress] [GET_PROC_ADDR] ReadConsoleInputW from kernelbase.dll
[6936:1] 2026-04-01 15:05:08.760 [0x3028(183) CxConsoleMonitor::InstallHook] [INSTALL_HOOK] RealReadConsoleInputW : cmd.exe:6936
[6936:1] 2026-04-01 15:05:08.760 [0x3028(183) CxConsoleMonitor::InstallHook] [SUCCESS]
[6936:1] 2026-04-01 15:05:08.761 [0x3028(183) CxConsoleMonitor::GetCmonProfileInfo] [REQ_CMON_PROFILE] 
[6936:1] 2026-04-01 15:05:08.761 [0x3028(0) CxConsoleMonitor::Initialize] [/Initialize] SUCCESS
[6936:1] 2026-04-01 15:05:08.763 [0x818(87) CxThreadPool::ThreadEntry] Worker Thread begins
[6936:1] 2026-04-01 15:05:08.764 [0x818(1) CxSensorPipeClient::SendJson] [SEND][ReqType:4] {
   "PID" : 6936,
   "ProcPath" : "C:\\Windows\\system32\\cmd.exe",
   "ReqType" : "xSensorRequestType_GetCmonProfile"
}

[6936:1] 2026-04-01 15:05:08.765 [0x818(183) CxSensorPipeClient::SendJson] [RECV] {
   "MaxConsoleInputLength" : 998
}

[6936:1] 2026-04-01 15:05:08.765 [0x818(183) CxConsoleMonitor::PipeResponseCallback] [RES_CALLBACK]
[6936:1] 2026-04-01 15:05:08.766 [0x818(183) CxConsoleMonitor::PipeResponseCallback] [CMON_PROFILE] MaxConsoleInputLength : 998
[6936:1] 2026-04-01 15:05:08.883 [0x3028(126) CxConsoleMonitor::Uninitialize] [Uninitialize]
[6936:1] 2026-04-01 15:05:08.884 [0x3028(183) CxConsoleMonitor::UninstallHook] [UninstallHook]
[6936:1] 2026-04-01 15:05:08.884 [0x3028(183) CxConsoleMonitor::UninstallHook] [UninstallHook] ReadConsoleInputW Result 0
[6936:1] 2026-04-01 15:05:08.885 [0x3028(183) CxConsoleMonitor::UninstallHook] [UninstallHook] ReadConsoleW Result 0
[6936:1] 2026-04-01 15:05:08.885 [0x3028(183) CxConsoleMonitor::UninstallHook] [UNINSTALL_HOOK][SUCCESS] error 0
[6936:1] 2026-04-01 15:05:08.886 [0x3028(183) CxSensorPipeClient::Uninitialize] [Uninitialize]
[6936:1] 2026-04-01 15:05:08.886 [0x3028(183) CxSensorPipeClient::Uninitialize] [/Uninitialize]
[6936:1] 2026-04-01 15:05:08.887 [0x3028(183) CxConsoleMonitor::Uninitialize] [/Uninitialize] SUCCESS
